<?xml version="1.0" encoding="UTF-8"?>
<!-- Generated by org.testng.reporters.JUnitXMLReporter -->
<testsuite hostname="DC-R90TQ1WW" ignored="0" name="Test" tests="1" failures="1" timestamp="2020-01-10T16:51:09 IST" time="81.755" errors="0">
  <testcase name="tesBookingFunctionality" time="56.506" classname="com.test.TestClass">
    <failure type="java.lang.AssertionError" message="expected [true] but found [false]">
      <![CDATA[java.lang.AssertionError: expected [true] but found [false]
at com.test.TestClass.tesBookingFunctionality(TestClass.java:42)
at java.util.ArrayList.forEach(Unknown Source)
... Removed 32 stack frames]]>
    </failure>
  </testcase> <!-- tesBookingFunctionality -->
</testsuite> <!-- Test -->
